The system is: Linux - 5.15.90.1-microsoft-standard-WSL2 - x86_64
Compiling the C compiler identification source file "CMakeCCompilerId.c" succeeded.
Compiler: /mnt/c/msys64/mingw64/bin/gcc.exe 
Build flags: 
Id flags:  

The output was:
0


Compilation of the C compiler identification source "CMakeCCompilerId.c" produced "a.exe"

The C compiler identification is GNU, found in "/home/dodo/workplace/IgtaiProject/build/CMakeFiles/3.22.1/CompilerIdC/a.exe"

Compiling the CXX compiler identification source file "CMakeCXXCompilerId.cpp" succeeded.
Compiler: /mnt/c/msys64/mingw64/bin/g++.exe 
Build flags: 
Id flags:  

The output was:
0


Compilation of the CXX compiler identification source "CMakeCXXCompilerId.cpp" produced "a.exe"

The CXX compiler identification is GNU, found in "/home/dodo/workplace/IgtaiProject/build/CMakeFiles/3.22.1/CompilerIdCXX/a.exe"

Determining if the C compiler works passed with the following output:
Change Dir: /home/dodo/workplace/IgtaiProject/build/CMakeFiles/CMakeTmp

Run Build Command(s):/usr/bin/gmake -f Makefile cmTC_efa7f/fast && /usr/bin/gmake  -f CMakeFiles/cmTC_efa7f.dir/build.make CMakeFiles/cmTC_efa7f.dir/build
gmake[1]: Entering directory '/home/dodo/workplace/IgtaiProject/build/CMakeFiles/CMakeTmp'
Building C object CMakeFiles/cmTC_efa7f.dir/testCCompiler.c.o
/mnt/c/msys64/mingw64/bin/gcc.exe    -o CMakeFiles/cmTC_efa7f.dir/testCCompiler.c.o -c /home/dodo/workplace/IgtaiProject/build/CMakeFiles/CMakeTmp/testCCompiler.c
Linking C executable cmTC_efa7f
/usr/bin/cmake -E cmake_link_script CMakeFiles/cmTC_efa7f.dir/link.txt --verbose=1
/mnt/c/msys64/mingw64/bin/gcc.exe CMakeFiles/cmTC_efa7f.dir/testCCompiler.c.o -o cmTC_efa7f 
gmake[1]: Leaving directory '/home/dodo/workplace/IgtaiProject/build/CMakeFiles/CMakeTmp'



Determining if the CXX compiler works passed with the following output:
Change Dir: /home/dodo/workplace/IgtaiProject/build/CMakeFiles/CMakeTmp

Run Build Command(s):/usr/bin/gmake -f Makefile cmTC_95246/fast && /usr/bin/gmake  -f CMakeFiles/cmTC_95246.dir/build.make CMakeFiles/cmTC_95246.dir/build
gmake[1]: Entering directory '/home/dodo/workplace/IgtaiProject/build/CMakeFiles/CMakeTmp'
Building CXX object CMakeFiles/cmTC_95246.dir/testCXXCompiler.cxx.o
/mnt/c/msys64/mingw64/bin/g++.exe    -o CMakeFiles/cmTC_95246.dir/testCXXCompiler.cxx.o -c /home/dodo/workplace/IgtaiProject/build/CMakeFiles/CMakeTmp/testCXXCompiler.cxx
Linking CXX executable cmTC_95246
/usr/bin/cmake -E cmake_link_script CMakeFiles/cmTC_95246.dir/link.txt --verbose=1
/mnt/c/msys64/mingw64/bin/g++.exe CMakeFiles/cmTC_95246.dir/testCXXCompiler.cxx.o -o cmTC_95246 
gmake[1]: Leaving directory '/home/dodo/workplace/IgtaiProject/build/CMakeFiles/CMakeTmp'



